<?xml version="1.0" encoding="UTF-8"?>
<!-- Generated by org.testng.reporters.JUnitXMLReporter -->
<testsuite ignored="0" hostname="DESKTOP-KO67GAM" failures="0" tests="8" name="Default test" time="58.726" errors="0" timestamp="2022-11-04T16:13:15 CET">
  <testcase classname="selenium.TestSelenium" name="selectCities" time="9.133"/>
  <testcase classname="selenium.TestSelenium" name="selectBadDate" time="6.133"/>
  <testcase classname="selenium.TestSelenium" name="selectDate" time="6.195"/>
  <testcase classname="selenium.TestSelenium" name="filterFligth" time="6.193"/>
  <testcase classname="selenium.TestSelenium" name="selectFlight" time="3.097"/>
  <testcase classname="selenium.TestSelenium" name="changePassengersPriceUpdate" time="3.08"/>
  <testcase classname="selenium.TestSelenium" name="clickInfoshowsInfo" time="3.072"/>
  <testcase classname="selenium.TestSelenium" name="windowReloadKeepsState" time="3.14"/>
</testsuite> <!-- Default test -->
