<?xml version="1.0" encoding="UTF-8"?>
<!-- Generated by org.testng.reporters.JUnitXMLReporter -->
<testsuite ignored="0" hostname="DESKTOP-KO67GAM" failures="0" tests="8" name="Default test" time="57.396" errors="0" timestamp="2022-11-04T13:55:02 CET">
  <testcase classname="selenium.TestSelenium" name="selectCities" time="9.211"/>
  <testcase classname="selenium.TestSelenium" name="selectBadDate" time="6.296"/>
  <testcase classname="selenium.TestSelenium" name="selectDate" time="7.115"/>
  <testcase classname="selenium.TestSelenium" name="filterFligth" time="6.421"/>
  <testcase classname="selenium.TestSelenium" name="selectFlight" time="6.208"/>
  <testcase classname="selenium.TestSelenium" name="changePassengersPriceUpdate" time="6.171"/>
  <testcase classname="selenium.TestSelenium" name="clickInfoshowsInfo" time="6.211"/>
  <testcase classname="selenium.TestSelenium" name="windowReloadKeepsState" time="6.246"/>
</testsuite> <!-- Default test -->
