<?xml version="1.0" encoding="UTF-8"?>
<testng-results ignored="0" total="8" passed="8" failed="0" skipped="0">
  <reporter-output>
  </reporter-output>
  <suite started-at="2022-11-04T13:54:05 CET" name="Default suite" finished-at="2022-11-04T13:55:02 CET" duration-ms="57396">
    <groups>
    </groups>
    <test started-at="2022-11-04T13:54:05 CET" name="Default test" finished-at="2022-11-04T13:55:02 CET" duration-ms="57396">
      <class name="selenium.TestSelenium">
        <test-method is-config="true" signature="setup()[pri:0, instance:selenium.TestSelenium@173ed316]" started-at="2022-11-04T13:54:05 CET" name="setup" finished-at="2022-11-04T13:54:08 CET" duration-ms="3283" status="PASS">
          <reporter-output>
          </reporter-output>
        </test-method> <!-- setup -->
        <test-method signature="selectCities()[pri:0, instance:selenium.TestSelenium@173ed316]" started-at="2022-11-04T13:54:08 CET" name="selectCities" finished-at="2022-11-04T13:54:17 CET" duration-ms="9211" status="PASS">
          <reporter-output>
          </reporter-output>
        </test-method> <!-- selectCities -->
        <test-method signature="selectBadDate()[pri:1, instance:selenium.TestSelenium@173ed316]" started-at="2022-11-04T13:54:17 CET" name="selectBadDate" finished-at="2022-11-04T13:54:23 CET" duration-ms="6296" status="PASS">
          <reporter-output>
          </reporter-output>
        </test-method> <!-- selectBadDate -->
        <test-method signature="selectDate()[pri:2, instance:selenium.TestSelenium@173ed316]" started-at="2022-11-04T13:54:23 CET" name="selectDate" finished-at="2022-11-04T13:54:31 CET" duration-ms="7115" status="PASS">
          <reporter-output>
          </reporter-output>
        </test-method> <!-- selectDate -->
        <test-method signature="filterFligth()[pri:3, instance:selenium.TestSelenium@173ed316]" started-at="2022-11-04T13:54:31 CET" name="filterFligth" finished-at="2022-11-04T13:54:37 CET" duration-ms="6421" status="PASS">
          <reporter-output>
          </reporter-output>
        </test-method> <!-- filterFligth -->
        <test-method signature="selectFlight()[pri:4, instance:selenium.TestSelenium@173ed316]" started-at="2022-11-04T13:54:37 CET" name="selectFlight" finished-at="2022-11-04T13:54:43 CET" duration-ms="6208" status="PASS">
          <reporter-output>
          </reporter-output>
        </test-method> <!-- selectFlight -->
        <test-method signature="changePassengersPriceUpdate()[pri:5, instance:selenium.TestSelenium@173ed316]" started-at="2022-11-04T13:54:43 CET" name="changePassengersPriceUpdate" finished-at="2022-11-04T13:54:49 CET" duration-ms="6171" status="PASS">
          <reporter-output>
          </reporter-output>
        </test-method> <!-- changePassengersPriceUpdate -->
        <test-method signature="clickInfoshowsInfo()[pri:6, instance:selenium.TestSelenium@173ed316]" started-at="2022-11-04T13:54:49 CET" name="clickInfoshowsInfo" finished-at="2022-11-04T13:54:56 CET" duration-ms="6211" status="PASS">
          <reporter-output>
          </reporter-output>
        </test-method> <!-- clickInfoshowsInfo -->
        <test-method signature="windowReloadKeepsState()[pri:7, instance:selenium.TestSelenium@173ed316]" started-at="2022-11-04T13:54:56 CET" name="windowReloadKeepsState" finished-at="2022-11-04T13:55:02 CET" duration-ms="6246" status="PASS">
          <reporter-output>
          </reporter-output>
        </test-method> <!-- windowReloadKeepsState -->
        <test-method is-config="true" signature="tearDown()[pri:0, instance:selenium.TestSelenium@173ed316]" started-at="2022-11-04T13:55:02 CET" name="tearDown" finished-at="2022-11-04T13:55:02 CET" duration-ms="145" status="PASS">
          <reporter-output>
          </reporter-output>
        </test-method> <!-- tearDown -->
      </class> <!-- selenium.TestSelenium -->
    </test> <!-- Default test -->
  </suite> <!-- Default suite -->
</testng-results>
