<?xml version="1.0" encoding="UTF-8"?>
<testng-results skipped="0" failed="0" ignored="0" total="0" passed="0">
  <reporter-output>
  </reporter-output>
  <suite name="com.leonardo.angelit.jenkins.JenkinsCalcTest" duration-ms="6" started-at="2022-10-28T20:41:32 CEST" finished-at="2022-10-28T20:41:32 CEST">
    <groups>
    </groups>
    <test name="Command line test" duration-ms="6" started-at="2022-10-28T20:41:32 CEST" finished-at="2022-10-28T20:41:32 CEST">
    </test> <!-- Command line test -->
  </suite> <!-- com.leonardo.angelit.jenkins.JenkinsCalcTest -->
</testng-results>
